[ERROR] 2025-11-14 09:40:00 views 14221 8678197248 File upload failed: {'file': [ErrorDetail(string='The submitted file is empty.', code='empty')]}
Traceback (most recent call last):
  File "/Users/subham/project/abnormalai/dplat-file-vault-coding-challenge/backend/files/views.py", line 222, in create
    serializer.is_valid(raise_exception=True)
  File "/Users/subham/project/abnormalai/dplat-file-vault-coding-challenge/backend/venv/lib/python3.9/site-packages/rest_framework/serializers.py", line 233, in is_valid
    raise ValidationError(self.errors)
rest_framework.exceptions.ValidationError: {'file': [ErrorDetail(string='The submitted file is empty.', code='empty')]}
[ERROR] 2025-11-14 09:40:00 views 14221 8678197248 File upload failed: {'file': [ErrorDetail(string="['File size must not exceed 10MB. Current size: 11.0MB']", code='invalid')]}
Traceback (most recent call last):
  File "/Users/subham/project/abnormalai/dplat-file-vault-coding-challenge/backend/files/views.py", line 222, in create
    serializer.is_valid(raise_exception=True)
  File "/Users/subham/project/abnormalai/dplat-file-vault-coding-challenge/backend/venv/lib/python3.9/site-packages/rest_framework/serializers.py", line 233, in is_valid
    raise ValidationError(self.errors)
rest_framework.exceptions.ValidationError: {'file': [ErrorDetail(string="['File size must not exceed 10MB. Current size: 11.0MB']", code='invalid')]}
[ERROR] 2025-11-14 09:40:00 views 14221 8678197248 Physical file not found: 70ae8b49-28ae-49b2-95a8-0c009cdc1712 - missing.txt
[ERROR] 2025-11-14 09:41:18 views 14461 8678197248 File upload failed: {'file': [ErrorDetail(string='The submitted file is empty.', code='empty')]}
Traceback (most recent call last):
  File "/Users/subham/project/abnormalai/dplat-file-vault-coding-challenge/backend/files/views.py", line 222, in create
    serializer.is_valid(raise_exception=True)
  File "/Users/subham/project/abnormalai/dplat-file-vault-coding-challenge/backend/venv/lib/python3.9/site-packages/rest_framework/serializers.py", line 233, in is_valid
    raise ValidationError(self.errors)
rest_framework.exceptions.ValidationError: {'file': [ErrorDetail(string='The submitted file is empty.', code='empty')]}
[ERROR] 2025-11-14 09:41:18 views 14461 8678197248 File upload failed: {'file': [ErrorDetail(string="['File size must not exceed 10MB. Current size: 11.0MB']", code='invalid')]}
Traceback (most recent call last):
  File "/Users/subham/project/abnormalai/dplat-file-vault-coding-challenge/backend/files/views.py", line 222, in create
    serializer.is_valid(raise_exception=True)
  File "/Users/subham/project/abnormalai/dplat-file-vault-coding-challenge/backend/venv/lib/python3.9/site-packages/rest_framework/serializers.py", line 233, in is_valid
    raise ValidationError(self.errors)
rest_framework.exceptions.ValidationError: {'file': [ErrorDetail(string="['File size must not exceed 10MB. Current size: 11.0MB']", code='invalid')]}
[ERROR] 2025-11-14 09:41:18 views 14461 8678197248 Physical file not found: e650a810-c0b8-4bf5-97f3-723cd8094d58 - missing.txt
[ERROR] 2025-11-14 09:41:30 views 14663 8678197248 File upload failed: {'file': [ErrorDetail(string='The submitted file is empty.', code='empty')]}
Traceback (most recent call last):
  File "/Users/subham/project/abnormalai/dplat-file-vault-coding-challenge/backend/files/views.py", line 222, in create
    serializer.is_valid(raise_exception=True)
  File "/Users/subham/project/abnormalai/dplat-file-vault-coding-challenge/backend/venv/lib/python3.9/site-packages/rest_framework/serializers.py", line 233, in is_valid
    raise ValidationError(self.errors)
rest_framework.exceptions.ValidationError: {'file': [ErrorDetail(string='The submitted file is empty.', code='empty')]}
[ERROR] 2025-11-14 09:41:30 views 14663 8678197248 File upload failed: {'file': [ErrorDetail(string="['File size must not exceed 10MB. Current size: 11.0MB']", code='invalid')]}
Traceback (most recent call last):
  File "/Users/subham/project/abnormalai/dplat-file-vault-coding-challenge/backend/files/views.py", line 222, in create
    serializer.is_valid(raise_exception=True)
  File "/Users/subham/project/abnormalai/dplat-file-vault-coding-challenge/backend/venv/lib/python3.9/site-packages/rest_framework/serializers.py", line 233, in is_valid
    raise ValidationError(self.errors)
rest_framework.exceptions.ValidationError: {'file': [ErrorDetail(string="['File size must not exceed 10MB. Current size: 11.0MB']", code='invalid')]}
[ERROR] 2025-11-14 09:41:30 views 14663 8678197248 Physical file not found: e5bec2c9-637e-4cc1-a5bf-91d1dde316b0 - missing.txt
[ERROR] 2025-11-14 13:54:23 views 47850 8678197248 File upload failed: {'file': [ErrorDetail(string='The submitted file is empty.', code='empty')]}
Traceback (most recent call last):
  File "/Users/subham/project/abnormalai/dplat-file-vault-coding-challenge/backend/files/views.py", line 222, in create
    serializer.is_valid(raise_exception=True)
  File "/Users/subham/project/abnormalai/dplat-file-vault-coding-challenge/backend/venv/lib/python3.9/site-packages/rest_framework/serializers.py", line 233, in is_valid
    raise ValidationError(self.errors)
rest_framework.exceptions.ValidationError: {'file': [ErrorDetail(string='The submitted file is empty.', code='empty')]}
[ERROR] 2025-11-14 13:54:23 views 47850 8678197248 File upload failed: {'file': [ErrorDetail(string="['File size must not exceed 10MB. Current size: 11.0MB']", code='invalid')]}
Traceback (most recent call last):
  File "/Users/subham/project/abnormalai/dplat-file-vault-coding-challenge/backend/files/views.py", line 222, in create
    serializer.is_valid(raise_exception=True)
  File "/Users/subham/project/abnormalai/dplat-file-vault-coding-challenge/backend/venv/lib/python3.9/site-packages/rest_framework/serializers.py", line 233, in is_valid
    raise ValidationError(self.errors)
rest_framework.exceptions.ValidationError: {'file': [ErrorDetail(string="['File size must not exceed 10MB. Current size: 11.0MB']", code='invalid')]}
[ERROR] 2025-11-14 13:54:23 views 47850 8678197248 Physical file not found: bb557236-c40f-44d3-b384-fa8942875e0c - missing.txt
[ERROR] 2025-11-16 04:24:42 views 21309 8569102464 Error uploading file for user user2: {'file': ['This field cannot be blank.']}
Traceback (most recent call last):
  File "/Users/subham/project/abnormalai/dplat-file-vault-coding-challenge/backend/files/views.py", line 147, in create
    self.perform_create(serializer)
    ~~~~~~~~~~~~~~~~~~~^^^^^^^^^^^^
  File "/Users/subham/project/abnormalai/dplat-file-vault-coding-challenge/.venv/lib/python3.14/site-packages/rest_framework/mixins.py", line 24, in perform_create
    serializer.save()
    ~~~~~~~~~~~~~~~^^
  File "/Users/subham/project/abnormalai/dplat-file-vault-coding-challenge/.venv/lib/python3.14/site-packages/rest_framework/serializers.py", line 210, in save
    self.instance = self.create(validated_data)
                    ~~~~~~~~~~~^^^^^^^^^^^^^^^^
  File "/Users/subham/project/abnormalai/dplat-file-vault-coding-challenge/backend/files/serializers.py", line 305, in create
    file_instance = File.objects.create(**validated_data)
  File "/Users/subham/project/abnormalai/dplat-file-vault-coding-challenge/.venv/lib/python3.14/site-packages/django/db/models/manager.py", line 87, in manager_method
    return getattr(self.get_queryset(), name)(*args, **kwargs)
           ~~~~~~~~~~~~~~~~~~~~~~~~~~~~~~~~~~^^^^^^^^^^^^^^^^^
  File "/Users/subham/project/abnormalai/dplat-file-vault-coding-challenge/.venv/lib/python3.14/site-packages/django/db/models/query.py", line 665, in create
    obj.save(force_insert=True, using=self.db)
    ~~~~~~~~^^^^^^^^^^^^^^^^^^^^^^^^^^^^^^^^^^
  File "/Users/subham/project/abnormalai/dplat-file-vault-coding-challenge/backend/files/models.py", line 290, in save
    self.full_clean()
    ~~~~~~~~~~~~~~~^^
  File "/Users/subham/project/abnormalai/dplat-file-vault-coding-challenge/.venv/lib/python3.14/site-packages/django/db/models/base.py", line 1679, in full_clean
    raise ValidationError(errors)
django.core.exceptions.ValidationError: {'file': ['This field cannot be blank.']}
[ERROR] 2025-11-16 04:24:42 views 21309 8569102464 Error uploading file for user user2: {'file': ['This field cannot be blank.']}
Traceback (most recent call last):
  File "/Users/subham/project/abnormalai/dplat-file-vault-coding-challenge/backend/files/views.py", line 147, in create
    self.perform_create(serializer)
    ~~~~~~~~~~~~~~~~~~~^^^^^^^^^^^^
  File "/Users/subham/project/abnormalai/dplat-file-vault-coding-challenge/.venv/lib/python3.14/site-packages/rest_framework/mixins.py", line 24, in perform_create
    serializer.save()
    ~~~~~~~~~~~~~~~^^
  File "/Users/subham/project/abnormalai/dplat-file-vault-coding-challenge/.venv/lib/python3.14/site-packages/rest_framework/serializers.py", line 210, in save
    self.instance = self.create(validated_data)
                    ~~~~~~~~~~~^^^^^^^^^^^^^^^^
  File "/Users/subham/project/abnormalai/dplat-file-vault-coding-challenge/backend/files/serializers.py", line 305, in create
    file_instance = File.objects.create(**validated_data)
  File "/Users/subham/project/abnormalai/dplat-file-vault-coding-challenge/.venv/lib/python3.14/site-packages/django/db/models/manager.py", line 87, in manager_method
    return getattr(self.get_queryset(), name)(*args, **kwargs)
           ~~~~~~~~~~~~~~~~~~~~~~~~~~~~~~~~~~^^^^^^^^^^^^^^^^^
  File "/Users/subham/project/abnormalai/dplat-file-vault-coding-challenge/.venv/lib/python3.14/site-packages/django/db/models/query.py", line 665, in create
    obj.save(force_insert=True, using=self.db)
    ~~~~~~~~^^^^^^^^^^^^^^^^^^^^^^^^^^^^^^^^^^
  File "/Users/subham/project/abnormalai/dplat-file-vault-coding-challenge/backend/files/models.py", line 290, in save
    self.full_clean()
    ~~~~~~~~~~~~~~~^^
  File "/Users/subham/project/abnormalai/dplat-file-vault-coding-challenge/.venv/lib/python3.14/site-packages/django/db/models/base.py", line 1679, in full_clean
    raise ValidationError(errors)
django.core.exceptions.ValidationError: {'file': ['This field cannot be blank.']}
[ERROR] 2025-11-16 04:24:43 views 21309 8569102464 Error uploading file for user user2: {'file': ['This field cannot be blank.']}
Traceback (most recent call last):
  File "/Users/subham/project/abnormalai/dplat-file-vault-coding-challenge/backend/files/views.py", line 147, in create
    self.perform_create(serializer)
    ~~~~~~~~~~~~~~~~~~~^^^^^^^^^^^^
  File "/Users/subham/project/abnormalai/dplat-file-vault-coding-challenge/.venv/lib/python3.14/site-packages/rest_framework/mixins.py", line 24, in perform_create
    serializer.save()
    ~~~~~~~~~~~~~~~^^
  File "/Users/subham/project/abnormalai/dplat-file-vault-coding-challenge/.venv/lib/python3.14/site-packages/rest_framework/serializers.py", line 210, in save
    self.instance = self.create(validated_data)
                    ~~~~~~~~~~~^^^^^^^^^^^^^^^^
  File "/Users/subham/project/abnormalai/dplat-file-vault-coding-challenge/backend/files/serializers.py", line 305, in create
    file_instance = File.objects.create(**validated_data)
  File "/Users/subham/project/abnormalai/dplat-file-vault-coding-challenge/.venv/lib/python3.14/site-packages/django/db/models/manager.py", line 87, in manager_method
    return getattr(self.get_queryset(), name)(*args, **kwargs)
           ~~~~~~~~~~~~~~~~~~~~~~~~~~~~~~~~~~^^^^^^^^^^^^^^^^^
  File "/Users/subham/project/abnormalai/dplat-file-vault-coding-challenge/.venv/lib/python3.14/site-packages/django/db/models/query.py", line 665, in create
    obj.save(force_insert=True, using=self.db)
    ~~~~~~~~^^^^^^^^^^^^^^^^^^^^^^^^^^^^^^^^^^
  File "/Users/subham/project/abnormalai/dplat-file-vault-coding-challenge/backend/files/models.py", line 290, in save
    self.full_clean()
    ~~~~~~~~~~~~~~~^^
  File "/Users/subham/project/abnormalai/dplat-file-vault-coding-challenge/.venv/lib/python3.14/site-packages/django/db/models/base.py", line 1679, in full_clean
    raise ValidationError(errors)
django.core.exceptions.ValidationError: {'file': ['This field cannot be blank.']}
[ERROR] 2025-11-16 04:24:43 views 21309 8569102464 Error uploading file for user quota_test_user: {'file': ['This field cannot be blank.']}
Traceback (most recent call last):
  File "/Users/subham/project/abnormalai/dplat-file-vault-coding-challenge/backend/files/views.py", line 147, in create
    self.perform_create(serializer)
    ~~~~~~~~~~~~~~~~~~~^^^^^^^^^^^^
  File "/Users/subham/project/abnormalai/dplat-file-vault-coding-challenge/.venv/lib/python3.14/site-packages/rest_framework/mixins.py", line 24, in perform_create
    serializer.save()
    ~~~~~~~~~~~~~~~^^
  File "/Users/subham/project/abnormalai/dplat-file-vault-coding-challenge/.venv/lib/python3.14/site-packages/rest_framework/serializers.py", line 210, in save
    self.instance = self.create(validated_data)
                    ~~~~~~~~~~~^^^^^^^^^^^^^^^^
  File "/Users/subham/project/abnormalai/dplat-file-vault-coding-challenge/backend/files/serializers.py", line 305, in create
    file_instance = File.objects.create(**validated_data)
  File "/Users/subham/project/abnormalai/dplat-file-vault-coding-challenge/.venv/lib/python3.14/site-packages/django/db/models/manager.py", line 87, in manager_method
    return getattr(self.get_queryset(), name)(*args, **kwargs)
           ~~~~~~~~~~~~~~~~~~~~~~~~~~~~~~~~~~^^^^^^^^^^^^^^^^^
  File "/Users/subham/project/abnormalai/dplat-file-vault-coding-challenge/.venv/lib/python3.14/site-packages/django/db/models/query.py", line 665, in create
    obj.save(force_insert=True, using=self.db)
    ~~~~~~~~^^^^^^^^^^^^^^^^^^^^^^^^^^^^^^^^^^
  File "/Users/subham/project/abnormalai/dplat-file-vault-coding-challenge/backend/files/models.py", line 290, in save
    self.full_clean()
    ~~~~~~~~~~~~~~~^^
  File "/Users/subham/project/abnormalai/dplat-file-vault-coding-challenge/.venv/lib/python3.14/site-packages/django/db/models/base.py", line 1679, in full_clean
    raise ValidationError(errors)
django.core.exceptions.ValidationError: {'file': ['This field cannot be blank.']}
[ERROR] 2025-11-16 04:34:38 views 22531 8569102464 Error deleting file 8597d88c-c3cc-4e72-a5dd-fb366d4eece8: 'File' object has no attribute 'referenced_file_id'
Traceback (most recent call last):
  File "/Users/subham/project/abnormalai/dplat-file-vault-coding-challenge/backend/files/views.py", line 191, in destroy
    referenced_file_id = instance.referenced_file_id
                         ^^^^^^^^^^^^^^^^^^^^^^^^^^^
AttributeError: 'File' object has no attribute 'referenced_file_id'
[ERROR] 2025-11-16 04:34:38 exceptions 22531 8569102464 Unhandled exception: AttributeError: 'File' object has no attribute 'referenced_file_id'
Traceback (most recent call last):
  File "/Users/subham/project/abnormalai/dplat-file-vault-coding-challenge/.venv/lib/python3.14/site-packages/rest_framework/views.py", line 512, in dispatch
    response = handler(request, *args, **kwargs)
  File "/Users/subham/project/abnormalai/dplat-file-vault-coding-challenge/backend/files/decorators/rate_limit.py", line 134, in wrapped_method
    return method_func(self, request, *args, **kwargs)
  File "/Users/subham/project/abnormalai/dplat-file-vault-coding-challenge/backend/files/views.py", line 191, in destroy
    referenced_file_id = instance.referenced_file_id
                         ^^^^^^^^^^^^^^^^^^^^^^^^^^^
AttributeError: 'File' object has no attribute 'referenced_file_id'
[ERROR] 2025-11-16 04:34:39 views 22531 8569102464 Error uploading file for user quota_test_user: {'non_field_errors': [ErrorDetail(string='Storage Quota Exceeded. Current usage: 6.0MB / 10.0MB. File size: 6.0MB.', code='invalid')]}
Traceback (most recent call last):
  File "/Users/subham/project/abnormalai/dplat-file-vault-coding-challenge/backend/files/views.py", line 146, in create
    serializer.is_valid(raise_exception=True)
    ~~~~~~~~~~~~~~~~~~~^^^^^^^^^^^^^^^^^^^^^^
  File "/Users/subham/project/abnormalai/dplat-file-vault-coding-challenge/.venv/lib/python3.14/site-packages/rest_framework/serializers.py", line 233, in is_valid
    raise ValidationError(self.errors)
rest_framework.exceptions.ValidationError: {'non_field_errors': [ErrorDetail(string='Storage Quota Exceeded. Current usage: 6.0MB / 10.0MB. File size: 6.0MB.', code='invalid')]}
[ERROR] 2025-11-16 04:34:39 views 22531 8569102464 Error deleting file 26b23465-43bb-47ee-b0c8-fbd1be110540: 'File' object has no attribute 'referenced_file_id'
Traceback (most recent call last):
  File "/Users/subham/project/abnormalai/dplat-file-vault-coding-challenge/backend/files/views.py", line 191, in destroy
    referenced_file_id = instance.referenced_file_id
                         ^^^^^^^^^^^^^^^^^^^^^^^^^^^
AttributeError: 'File' object has no attribute 'referenced_file_id'
[ERROR] 2025-11-16 04:34:39 exceptions 22531 8569102464 Unhandled exception: AttributeError: 'File' object has no attribute 'referenced_file_id'
Traceback (most recent call last):
  File "/Users/subham/project/abnormalai/dplat-file-vault-coding-challenge/.venv/lib/python3.14/site-packages/rest_framework/views.py", line 512, in dispatch
    response = handler(request, *args, **kwargs)
  File "/Users/subham/project/abnormalai/dplat-file-vault-coding-challenge/backend/files/decorators/rate_limit.py", line 134, in wrapped_method
    return method_func(self, request, *args, **kwargs)
  File "/Users/subham/project/abnormalai/dplat-file-vault-coding-challenge/backend/files/views.py", line 191, in destroy
    referenced_file_id = instance.referenced_file_id
                         ^^^^^^^^^^^^^^^^^^^^^^^^^^^
AttributeError: 'File' object has no attribute 'referenced_file_id'
[ERROR] 2025-11-16 04:35:31 views 22773 8569102464 Error uploading file for user quota_test_user: {'non_field_errors': [ErrorDetail(string='Storage Quota Exceeded. Current usage: 6.0MB / 10.0MB. File size: 6.0MB.', code='invalid')]}
Traceback (most recent call last):
  File "/Users/subham/project/abnormalai/dplat-file-vault-coding-challenge/backend/files/views.py", line 146, in create
    serializer.is_valid(raise_exception=True)
    ~~~~~~~~~~~~~~~~~~~^^^^^^^^^^^^^^^^^^^^^^
  File "/Users/subham/project/abnormalai/dplat-file-vault-coding-challenge/.venv/lib/python3.14/site-packages/rest_framework/serializers.py", line 233, in is_valid
    raise ValidationError(self.errors)
rest_framework.exceptions.ValidationError: {'non_field_errors': [ErrorDetail(string='Storage Quota Exceeded. Current usage: 6.0MB / 10.0MB. File size: 6.0MB.', code='invalid')]}
[ERROR] 2025-11-16 04:41:51 views 23360 8569102464 Error uploading file for user quota_test_user: {'file': [ErrorDetail(string='Storage Quota Exceeded. Current usage: 6.0MB / 10.0MB. File size: 6.0MB.', code='invalid')]}
Traceback (most recent call last):
  File "/Users/subham/project/abnormalai/dplat-file-vault-coding-challenge/backend/files/views.py", line 146, in create
    serializer.is_valid(raise_exception=True)
    ~~~~~~~~~~~~~~~~~~~^^^^^^^^^^^^^^^^^^^^^^
  File "/Users/subham/project/abnormalai/dplat-file-vault-coding-challenge/.venv/lib/python3.14/site-packages/rest_framework/serializers.py", line 233, in is_valid
    raise ValidationError(self.errors)
rest_framework.exceptions.ValidationError: {'file': [ErrorDetail(string='Storage Quota Exceeded. Current usage: 6.0MB / 10.0MB. File size: 6.0MB.', code='invalid')]}
[ERROR] 2025-11-16 04:42:10 views 23628 8569102464 Error uploading file for user quota_test_user: {'file': [ErrorDetail(string='Storage Quota Exceeded. Current usage: 6.0MB / 10.0MB. File size: 6.0MB.', code='invalid')]}
Traceback (most recent call last):
  File "/Users/subham/project/abnormalai/dplat-file-vault-coding-challenge/backend/files/views.py", line 146, in create
    serializer.is_valid(raise_exception=True)
    ~~~~~~~~~~~~~~~~~~~^^^^^^^^^^^^^^^^^^^^^^
  File "/Users/subham/project/abnormalai/dplat-file-vault-coding-challenge/.venv/lib/python3.14/site-packages/rest_framework/serializers.py", line 233, in is_valid
    raise ValidationError(self.errors)
rest_framework.exceptions.ValidationError: {'file': [ErrorDetail(string='Storage Quota Exceeded. Current usage: 6.0MB / 10.0MB. File size: 6.0MB.', code='invalid')]}
[ERROR] 2025-11-16 05:04:49 views 27679 8569102464 Error uploading file for user quota_test_user: {'file': [ErrorDetail(string='Storage Quota Exceeded. Current usage: 6.0MB / 10.0MB. File size: 6.0MB.', code='invalid')]}
Traceback (most recent call last):
  File "/Users/subham/project/abnormalai/dplat-file-vault-coding-challenge/backend/files/views.py", line 149, in create
    serializer.is_valid(raise_exception=True)
    ~~~~~~~~~~~~~~~~~~~^^^^^^^^^^^^^^^^^^^^^^
  File "/Users/subham/project/abnormalai/dplat-file-vault-coding-challenge/.venv/lib/python3.14/site-packages/rest_framework/serializers.py", line 233, in is_valid
    raise ValidationError(self.errors)
rest_framework.exceptions.ValidationError: {'file': [ErrorDetail(string='Storage Quota Exceeded. Current usage: 6.0MB / 10.0MB. File size: 6.0MB.', code='invalid')]}
[ERROR] 2025-11-16 05:10:56 views 28269 8569102464 Error uploading file for user quota_test_user: {'file': [ErrorDetail(string='Storage Quota Exceeded. Current usage: 6.0MB / 10.0MB. File size: 6.0MB.', code='invalid')]}
Traceback (most recent call last):
  File "/Users/subham/project/abnormalai/dplat-file-vault-coding-challenge/backend/files/views.py", line 149, in create
    serializer.is_valid(raise_exception=True)
    ~~~~~~~~~~~~~~~~~~~^^^^^^^^^^^^^^^^^^^^^^
  File "/Users/subham/project/abnormalai/dplat-file-vault-coding-challenge/.venv/lib/python3.14/site-packages/rest_framework/serializers.py", line 233, in is_valid
    raise ValidationError(self.errors)
rest_framework.exceptions.ValidationError: {'file': [ErrorDetail(string='Storage Quota Exceeded. Current usage: 6.0MB / 10.0MB. File size: 6.0MB.', code='invalid')]}
[ERROR] 2025-11-16 05:34:24 views 29269 8569102464 Error uploading file for user testuser: {'file': [ErrorDetail(string='The submitted file is empty.', code='empty')]}
Traceback (most recent call last):
  File "/Users/subham/project/abnormalai/dplat-file-vault-coding-challenge/backend/files/views.py", line 149, in create
    serializer.is_valid(raise_exception=True)
    ~~~~~~~~~~~~~~~~~~~^^^^^^^^^^^^^^^^^^^^^^
  File "/Users/subham/project/abnormalai/dplat-file-vault-coding-challenge/.venv/lib/python3.14/site-packages/rest_framework/serializers.py", line 233, in is_valid
    raise ValidationError(self.errors)
rest_framework.exceptions.ValidationError: {'file': [ErrorDetail(string='The submitted file is empty.', code='empty')]}
[ERROR] 2025-11-16 05:34:24 views 29269 8569102464 Error uploading file for user testuser: {'file': [ErrorDetail(string="['File size must not exceed 10MB. Current size: 11.0MB']", code='invalid')]}
Traceback (most recent call last):
  File "/Users/subham/project/abnormalai/dplat-file-vault-coding-challenge/backend/files/views.py", line 149, in create
    serializer.is_valid(raise_exception=True)
    ~~~~~~~~~~~~~~~~~~~^^^^^^^^^^^^^^^^^^^^^^
  File "/Users/subham/project/abnormalai/dplat-file-vault-coding-challenge/.venv/lib/python3.14/site-packages/rest_framework/serializers.py", line 233, in is_valid
    raise ValidationError(self.errors)
rest_framework.exceptions.ValidationError: {'file': [ErrorDetail(string="['File size must not exceed 10MB. Current size: 11.0MB']", code='invalid')]}
[ERROR] 2025-11-16 05:34:24 views 29269 8569102464 Physical file not found: d370a5df-7fab-4625-8f71-aa7df0b5383c - missing.txt
[ERROR] 2025-11-16 05:34:24 views 29269 8569102464 Error downloading file 10b6b0fb-64a3-4e71-baf9-7ea99de4c08d: No File matches the given query.
Traceback (most recent call last):
  File "/Users/subham/project/abnormalai/dplat-file-vault-coding-challenge/.venv/lib/python3.14/site-packages/django/shortcuts.py", line 90, in get_object_or_404
    return queryset.get(*args, **kwargs)
           ~~~~~~~~~~~~^^^^^^^^^^^^^^^^^
  File "/Users/subham/project/abnormalai/dplat-file-vault-coding-challenge/.venv/lib/python3.14/site-packages/django/db/models/query.py", line 635, in get
    raise self.model.DoesNotExist(
        "%s matching query does not exist." % self.model._meta.object_name
    )
files.models.File.DoesNotExist: File matching query does not exist.

During handling of the above exception, another exception occurred:

Traceback (most recent call last):
  File "/Users/subham/project/abnormalai/dplat-file-vault-coding-challenge/backend/files/views.py", line 278, in download
    file_instance = self.get_object()
  File "/Users/subham/project/abnormalai/dplat-file-vault-coding-challenge/.venv/lib/python3.14/site-packages/rest_framework/generics.py", line 100, in get_object
    obj = get_object_or_404(queryset, **filter_kwargs)
  File "/Users/subham/project/abnormalai/dplat-file-vault-coding-challenge/.venv/lib/python3.14/site-packages/rest_framework/generics.py", line 19, in get_object_or_404
    return _get_object_or_404(queryset, *filter_args, **filter_kwargs)
  File "/Users/subham/project/abnormalai/dplat-file-vault-coding-challenge/.venv/lib/python3.14/site-packages/django/shortcuts.py", line 92, in get_object_or_404
    raise Http404(
        "No %s matches the given query." % queryset.model._meta.object_name
    )
django.http.response.Http404: No File matches the given query.
[ERROR] 2025-11-16 05:34:25 views 29269 8569102464 Error uploading file for user quota_test_user: {'file': [ErrorDetail(string='Storage Quota Exceeded. Current usage: 6.0MB / 10.0MB. File size: 6.0MB.', code='invalid')]}
Traceback (most recent call last):
  File "/Users/subham/project/abnormalai/dplat-file-vault-coding-challenge/backend/files/views.py", line 149, in create
    serializer.is_valid(raise_exception=True)
    ~~~~~~~~~~~~~~~~~~~^^^^^^^^^^^^^^^^^^^^^^
  File "/Users/subham/project/abnormalai/dplat-file-vault-coding-challenge/.venv/lib/python3.14/site-packages/rest_framework/serializers.py", line 233, in is_valid
    raise ValidationError(self.errors)
rest_framework.exceptions.ValidationError: {'file': [ErrorDetail(string='Storage Quota Exceeded. Current usage: 6.0MB / 10.0MB. File size: 6.0MB.', code='invalid')]}
[ERROR] 2025-11-16 05:35:46 views 29521 8569102464 Error uploading file for user testuser: {'file': [ErrorDetail(string='The submitted file is empty.', code='empty')]}
Traceback (most recent call last):
  File "/Users/subham/project/abnormalai/dplat-file-vault-coding-challenge/backend/files/views.py", line 149, in create
    serializer.is_valid(raise_exception=True)
    ~~~~~~~~~~~~~~~~~~~^^^^^^^^^^^^^^^^^^^^^^
  File "/Users/subham/project/abnormalai/dplat-file-vault-coding-challenge/.venv/lib/python3.14/site-packages/rest_framework/serializers.py", line 233, in is_valid
    raise ValidationError(self.errors)
rest_framework.exceptions.ValidationError: {'file': [ErrorDetail(string='The submitted file is empty.', code='empty')]}
[ERROR] 2025-11-16 05:35:46 views 29521 8569102464 Error uploading file for user testuser: {'file': [ErrorDetail(string="['File size must not exceed 10MB. Current size: 11.0MB']", code='invalid')]}
Traceback (most recent call last):
  File "/Users/subham/project/abnormalai/dplat-file-vault-coding-challenge/backend/files/views.py", line 149, in create
    serializer.is_valid(raise_exception=True)
    ~~~~~~~~~~~~~~~~~~~^^^^^^^^^^^^^^^^^^^^^^
  File "/Users/subham/project/abnormalai/dplat-file-vault-coding-challenge/.venv/lib/python3.14/site-packages/rest_framework/serializers.py", line 233, in is_valid
    raise ValidationError(self.errors)
rest_framework.exceptions.ValidationError: {'file': [ErrorDetail(string="['File size must not exceed 10MB. Current size: 11.0MB']", code='invalid')]}
[ERROR] 2025-11-16 05:35:46 views 29521 8569102464 Physical file not found: f04cb3a7-f81f-41cb-bb8b-73cf1ecd1992 - missing.txt
[ERROR] 2025-11-16 05:35:47 views 29521 8569102464 Error uploading file for user quota_test_user: {'file': [ErrorDetail(string='Storage Quota Exceeded. Current usage: 6.0MB / 10.0MB. File size: 6.0MB.', code='invalid')]}
Traceback (most recent call last):
  File "/Users/subham/project/abnormalai/dplat-file-vault-coding-challenge/backend/files/views.py", line 149, in create
    serializer.is_valid(raise_exception=True)
    ~~~~~~~~~~~~~~~~~~~^^^^^^^^^^^^^^^^^^^^^^
  File "/Users/subham/project/abnormalai/dplat-file-vault-coding-challenge/.venv/lib/python3.14/site-packages/rest_framework/serializers.py", line 233, in is_valid
    raise ValidationError(self.errors)
rest_framework.exceptions.ValidationError: {'file': [ErrorDetail(string='Storage Quota Exceeded. Current usage: 6.0MB / 10.0MB. File size: 6.0MB.', code='invalid')]}
[ERROR] 2025-11-16 05:42:20 views 30443 8569102464 Error uploading file for user testuser: {'file': [ErrorDetail(string='The submitted file is empty.', code='empty')]}
Traceback (most recent call last):
  File "/Users/subham/project/abnormalai/dplat-file-vault-coding-challenge/backend/files/views.py", line 149, in create
    serializer.is_valid(raise_exception=True)
    ~~~~~~~~~~~~~~~~~~~^^^^^^^^^^^^^^^^^^^^^^
  File "/Users/subham/project/abnormalai/dplat-file-vault-coding-challenge/.venv/lib/python3.14/site-packages/rest_framework/serializers.py", line 233, in is_valid
    raise ValidationError(self.errors)
rest_framework.exceptions.ValidationError: {'file': [ErrorDetail(string='The submitted file is empty.', code='empty')]}
[ERROR] 2025-11-16 05:42:20 views 30443 8569102464 Error uploading file for user testuser: {'file': [ErrorDetail(string="['File size must not exceed 10MB. Current size: 11.0MB']", code='invalid')]}
Traceback (most recent call last):
  File "/Users/subham/project/abnormalai/dplat-file-vault-coding-challenge/backend/files/views.py", line 149, in create
    serializer.is_valid(raise_exception=True)
    ~~~~~~~~~~~~~~~~~~~^^^^^^^^^^^^^^^^^^^^^^
  File "/Users/subham/project/abnormalai/dplat-file-vault-coding-challenge/.venv/lib/python3.14/site-packages/rest_framework/serializers.py", line 233, in is_valid
    raise ValidationError(self.errors)
rest_framework.exceptions.ValidationError: {'file': [ErrorDetail(string="['File size must not exceed 10MB. Current size: 11.0MB']", code='invalid')]}
[ERROR] 2025-11-16 05:42:21 views 30443 8569102464 Physical file not found: 0c017b17-029b-412f-a9b9-ca02678c50b1 - missing.txt
[ERROR] 2025-11-16 05:42:22 views 30443 8569102464 Error uploading file for user quota_test_user: {'file': [ErrorDetail(string='Storage Quota Exceeded. Current usage: 6.0MB / 10.0MB. File size: 6.0MB.', code='invalid')]}
Traceback (most recent call last):
  File "/Users/subham/project/abnormalai/dplat-file-vault-coding-challenge/backend/files/views.py", line 149, in create
    serializer.is_valid(raise_exception=True)
    ~~~~~~~~~~~~~~~~~~~^^^^^^^^^^^^^^^^^^^^^^
  File "/Users/subham/project/abnormalai/dplat-file-vault-coding-challenge/.venv/lib/python3.14/site-packages/rest_framework/serializers.py", line 233, in is_valid
    raise ValidationError(self.errors)
rest_framework.exceptions.ValidationError: {'file': [ErrorDetail(string='Storage Quota Exceeded. Current usage: 6.0MB / 10.0MB. File size: 6.0MB.', code='invalid')]}
[ERROR] 2025-11-16 05:44:13 views 30721 8569102464 Error uploading file for user testuser: {'file': [ErrorDetail(string='The submitted file is empty.', code='empty')]}
Traceback (most recent call last):
  File "/Users/subham/project/abnormalai/dplat-file-vault-coding-challenge/backend/files/views.py", line 149, in create
    serializer.is_valid(raise_exception=True)
    ~~~~~~~~~~~~~~~~~~~^^^^^^^^^^^^^^^^^^^^^^
  File "/Users/subham/project/abnormalai/dplat-file-vault-coding-challenge/.venv/lib/python3.14/site-packages/rest_framework/serializers.py", line 233, in is_valid
    raise ValidationError(self.errors)
rest_framework.exceptions.ValidationError: {'file': [ErrorDetail(string='The submitted file is empty.', code='empty')]}
[ERROR] 2025-11-16 05:44:13 views 30721 8569102464 Error uploading file for user testuser: {'file': [ErrorDetail(string="['File size must not exceed 10MB. Current size: 11.0MB']", code='invalid')]}
Traceback (most recent call last):
  File "/Users/subham/project/abnormalai/dplat-file-vault-coding-challenge/backend/files/views.py", line 149, in create
    serializer.is_valid(raise_exception=True)
    ~~~~~~~~~~~~~~~~~~~^^^^^^^^^^^^^^^^^^^^^^
  File "/Users/subham/project/abnormalai/dplat-file-vault-coding-challenge/.venv/lib/python3.14/site-packages/rest_framework/serializers.py", line 233, in is_valid
    raise ValidationError(self.errors)
rest_framework.exceptions.ValidationError: {'file': [ErrorDetail(string="['File size must not exceed 10MB. Current size: 11.0MB']", code='invalid')]}
[ERROR] 2025-11-16 05:44:13 views 30721 8569102464 Physical file not found: 83d469ac-80d4-48aa-ae0c-31ce9e09f711 - missing.txt
[ERROR] 2025-11-16 05:44:14 views 30721 8569102464 Error uploading file for user quota_test_user: {'file': [ErrorDetail(string='Storage Quota Exceeded. Current usage: 6.0MB / 10.0MB. File size: 6.0MB.', code='invalid')]}
Traceback (most recent call last):
  File "/Users/subham/project/abnormalai/dplat-file-vault-coding-challenge/backend/files/views.py", line 149, in create
    serializer.is_valid(raise_exception=True)
    ~~~~~~~~~~~~~~~~~~~^^^^^^^^^^^^^^^^^^^^^^
  File "/Users/subham/project/abnormalai/dplat-file-vault-coding-challenge/.venv/lib/python3.14/site-packages/rest_framework/serializers.py", line 233, in is_valid
    raise ValidationError(self.errors)
rest_framework.exceptions.ValidationError: {'file': [ErrorDetail(string='Storage Quota Exceeded. Current usage: 6.0MB / 10.0MB. File size: 6.0MB.', code='invalid')]}
[ERROR] 2025-11-16 05:53:17 views 31373 8569102464 Error uploading file for user testuser: {'file': [ErrorDetail(string='The submitted file is empty.', code='empty')]}
Traceback (most recent call last):
  File "/Users/subham/project/abnormalai/dplat-file-vault-coding-challenge/backend/files/views.py", line 149, in create
    serializer.is_valid(raise_exception=True)
    ~~~~~~~~~~~~~~~~~~~^^^^^^^^^^^^^^^^^^^^^^
  File "/Users/subham/project/abnormalai/dplat-file-vault-coding-challenge/.venv/lib/python3.14/site-packages/rest_framework/serializers.py", line 233, in is_valid
    raise ValidationError(self.errors)
rest_framework.exceptions.ValidationError: {'file': [ErrorDetail(string='The submitted file is empty.', code='empty')]}
[ERROR] 2025-11-16 05:53:17 views 31373 8569102464 Error uploading file for user testuser: {'file': [ErrorDetail(string="['File size must not exceed 10MB. Current size: 11.0MB']", code='invalid')]}
Traceback (most recent call last):
  File "/Users/subham/project/abnormalai/dplat-file-vault-coding-challenge/backend/files/views.py", line 149, in create
    serializer.is_valid(raise_exception=True)
    ~~~~~~~~~~~~~~~~~~~^^^^^^^^^^^^^^^^^^^^^^
  File "/Users/subham/project/abnormalai/dplat-file-vault-coding-challenge/.venv/lib/python3.14/site-packages/rest_framework/serializers.py", line 233, in is_valid
    raise ValidationError(self.errors)
rest_framework.exceptions.ValidationError: {'file': [ErrorDetail(string="['File size must not exceed 10MB. Current size: 11.0MB']", code='invalid')]}
[ERROR] 2025-11-16 05:53:18 views 31373 8569102464 Physical file not found: 87ebbf0f-010a-47ad-819b-3be5a954b002 - missing.txt
[ERROR] 2025-11-16 05:53:19 views 31373 8569102464 Error uploading file for user quota_test_user: {'file': [ErrorDetail(string='Storage Quota Exceeded. Current usage: 6.0MB / 10.0MB. File size: 6.0MB.', code='invalid')]}
Traceback (most recent call last):
  File "/Users/subham/project/abnormalai/dplat-file-vault-coding-challenge/backend/files/views.py", line 149, in create
    serializer.is_valid(raise_exception=True)
    ~~~~~~~~~~~~~~~~~~~^^^^^^^^^^^^^^^^^^^^^^
  File "/Users/subham/project/abnormalai/dplat-file-vault-coding-challenge/.venv/lib/python3.14/site-packages/rest_framework/serializers.py", line 233, in is_valid
    raise ValidationError(self.errors)
rest_framework.exceptions.ValidationError: {'file': [ErrorDetail(string='Storage Quota Exceeded. Current usage: 6.0MB / 10.0MB. File size: 6.0MB.', code='invalid')]}
[ERROR] 2025-11-16 05:54:43 views 32011 8569102464 Error uploading file for user testuser: {'file': [ErrorDetail(string='The submitted file is empty.', code='empty')]}
Traceback (most recent call last):
  File "/Users/subham/project/abnormalai/dplat-file-vault-coding-challenge/backend/files/views.py", line 149, in create
    serializer.is_valid(raise_exception=True)
    ~~~~~~~~~~~~~~~~~~~^^^^^^^^^^^^^^^^^^^^^^
  File "/Users/subham/project/abnormalai/dplat-file-vault-coding-challenge/.venv/lib/python3.14/site-packages/rest_framework/serializers.py", line 233, in is_valid
    raise ValidationError(self.errors)
rest_framework.exceptions.ValidationError: {'file': [ErrorDetail(string='The submitted file is empty.', code='empty')]}
[ERROR] 2025-11-16 05:54:43 views 32011 8569102464 Error uploading file for user testuser: {'file': [ErrorDetail(string="['File size must not exceed 10MB. Current size: 11.0MB']", code='invalid')]}
Traceback (most recent call last):
  File "/Users/subham/project/abnormalai/dplat-file-vault-coding-challenge/backend/files/views.py", line 149, in create
    serializer.is_valid(raise_exception=True)
    ~~~~~~~~~~~~~~~~~~~^^^^^^^^^^^^^^^^^^^^^^
  File "/Users/subham/project/abnormalai/dplat-file-vault-coding-challenge/.venv/lib/python3.14/site-packages/rest_framework/serializers.py", line 233, in is_valid
    raise ValidationError(self.errors)
rest_framework.exceptions.ValidationError: {'file': [ErrorDetail(string="['File size must not exceed 10MB. Current size: 11.0MB']", code='invalid')]}
[ERROR] 2025-11-16 05:54:43 views 32011 8569102464 Physical file not found: c13862e4-d42a-4f23-b4fc-a2ee651b7f59 - missing.txt
[ERROR] 2025-11-16 05:54:45 views 32011 8569102464 Error uploading file for user quota_test_user: {'file': [ErrorDetail(string='Storage Quota Exceeded. Current usage: 6.0MB / 10.0MB. File size: 6.0MB.', code='invalid')]}
Traceback (most recent call last):
  File "/Users/subham/project/abnormalai/dplat-file-vault-coding-challenge/backend/files/views.py", line 149, in create
    serializer.is_valid(raise_exception=True)
    ~~~~~~~~~~~~~~~~~~~^^^^^^^^^^^^^^^^^^^^^^
  File "/Users/subham/project/abnormalai/dplat-file-vault-coding-challenge/.venv/lib/python3.14/site-packages/rest_framework/serializers.py", line 233, in is_valid
    raise ValidationError(self.errors)
rest_framework.exceptions.ValidationError: {'file': [ErrorDetail(string='Storage Quota Exceeded. Current usage: 6.0MB / 10.0MB. File size: 6.0MB.', code='invalid')]}
[ERROR] 2025-11-16 05:57:49 views 32467 8569102464 Error uploading file for user testuser: {'file': [ErrorDetail(string='The submitted file is empty.', code='empty')]}
Traceback (most recent call last):
  File "/Users/subham/project/abnormalai/dplat-file-vault-coding-challenge/backend/files/views.py", line 149, in create
    serializer.is_valid(raise_exception=True)
    ~~~~~~~~~~~~~~~~~~~^^^^^^^^^^^^^^^^^^^^^^
  File "/Users/subham/project/abnormalai/dplat-file-vault-coding-challenge/.venv/lib/python3.14/site-packages/rest_framework/serializers.py", line 233, in is_valid
    raise ValidationError(self.errors)
rest_framework.exceptions.ValidationError: {'file': [ErrorDetail(string='The submitted file is empty.', code='empty')]}
[ERROR] 2025-11-16 05:57:49 views 32467 8569102464 Error uploading file for user testuser: {'file': [ErrorDetail(string="['File size must not exceed 10MB. Current size: 11.0MB']", code='invalid')]}
Traceback (most recent call last):
  File "/Users/subham/project/abnormalai/dplat-file-vault-coding-challenge/backend/files/views.py", line 149, in create
    serializer.is_valid(raise_exception=True)
    ~~~~~~~~~~~~~~~~~~~^^^^^^^^^^^^^^^^^^^^^^
  File "/Users/subham/project/abnormalai/dplat-file-vault-coding-challenge/.venv/lib/python3.14/site-packages/rest_framework/serializers.py", line 233, in is_valid
    raise ValidationError(self.errors)
rest_framework.exceptions.ValidationError: {'file': [ErrorDetail(string="['File size must not exceed 10MB. Current size: 11.0MB']", code='invalid')]}
[ERROR] 2025-11-16 05:57:49 views 32467 8569102464 Physical file not found: 45f70ed7-16d4-4346-a85c-7fc2c38e0f3c - missing.txt
[ERROR] 2025-11-16 05:57:51 views 32467 8569102464 Error uploading file for user quota_test_user: {'file': [ErrorDetail(string='Storage Quota Exceeded. Current usage: 6.0MB / 10.0MB. File size: 6.0MB.', code='invalid')]}
Traceback (most recent call last):
  File "/Users/subham/project/abnormalai/dplat-file-vault-coding-challenge/backend/files/views.py", line 149, in create
    serializer.is_valid(raise_exception=True)
    ~~~~~~~~~~~~~~~~~~~^^^^^^^^^^^^^^^^^^^^^^
  File "/Users/subham/project/abnormalai/dplat-file-vault-coding-challenge/.venv/lib/python3.14/site-packages/rest_framework/serializers.py", line 233, in is_valid
    raise ValidationError(self.errors)
rest_framework.exceptions.ValidationError: {'file': [ErrorDetail(string='Storage Quota Exceeded. Current usage: 6.0MB / 10.0MB. File size: 6.0MB.', code='invalid')]}
[ERROR] 2025-11-16 05:58:02 views 32813 8569102464 Error uploading file for user testuser: {'file': [ErrorDetail(string='The submitted file is empty.', code='empty')]}
Traceback (most recent call last):
  File "/Users/subham/project/abnormalai/dplat-file-vault-coding-challenge/backend/files/views.py", line 149, in create
    serializer.is_valid(raise_exception=True)
    ~~~~~~~~~~~~~~~~~~~^^^^^^^^^^^^^^^^^^^^^^
  File "/Users/subham/project/abnormalai/dplat-file-vault-coding-challenge/.venv/lib/python3.14/site-packages/rest_framework/serializers.py", line 233, in is_valid
    raise ValidationError(self.errors)
rest_framework.exceptions.ValidationError: {'file': [ErrorDetail(string='The submitted file is empty.', code='empty')]}
[ERROR] 2025-11-16 05:58:02 views 32813 8569102464 Error uploading file for user testuser: {'file': [ErrorDetail(string="['File size must not exceed 10MB. Current size: 11.0MB']", code='invalid')]}
Traceback (most recent call last):
  File "/Users/subham/project/abnormalai/dplat-file-vault-coding-challenge/backend/files/views.py", line 149, in create
    serializer.is_valid(raise_exception=True)
    ~~~~~~~~~~~~~~~~~~~^^^^^^^^^^^^^^^^^^^^^^
  File "/Users/subham/project/abnormalai/dplat-file-vault-coding-challenge/.venv/lib/python3.14/site-packages/rest_framework/serializers.py", line 233, in is_valid
    raise ValidationError(self.errors)
rest_framework.exceptions.ValidationError: {'file': [ErrorDetail(string="['File size must not exceed 10MB. Current size: 11.0MB']", code='invalid')]}
[ERROR] 2025-11-16 05:58:02 views 32813 8569102464 Physical file not found: 0ff54a64-9711-419e-82f5-a88597b96cca - missing.txt
[ERROR] 2025-11-16 05:58:03 views 32813 8569102464 Error uploading file for user quota_test_user: {'file': [ErrorDetail(string='Storage Quota Exceeded. Current usage: 6.0MB / 10.0MB. File size: 6.0MB.', code='invalid')]}
Traceback (most recent call last):
  File "/Users/subham/project/abnormalai/dplat-file-vault-coding-challenge/backend/files/views.py", line 149, in create
    serializer.is_valid(raise_exception=True)
    ~~~~~~~~~~~~~~~~~~~^^^^^^^^^^^^^^^^^^^^^^
  File "/Users/subham/project/abnormalai/dplat-file-vault-coding-challenge/.venv/lib/python3.14/site-packages/rest_framework/serializers.py", line 233, in is_valid
    raise ValidationError(self.errors)
rest_framework.exceptions.ValidationError: {'file': [ErrorDetail(string='Storage Quota Exceeded. Current usage: 6.0MB / 10.0MB. File size: 6.0MB.', code='invalid')]}
[ERROR] 2025-11-16 06:05:59 views 33221 6214299648 Error uploading file for user user3: {'file': [ErrorDetail(string='Storage Quota Exceeded. Current usage: 9.0MB / 10.0MB. File size: 9.0MB.', code='invalid')]}
Traceback (most recent call last):
  File "/Users/subham/project/abnormalai/dplat-file-vault-coding-challenge/backend/files/views.py", line 149, in create
    serializer.is_valid(raise_exception=True)
    ~~~~~~~~~~~~~~~~~~~^^^^^^^^^^^^^^^^^^^^^^
  File "/Users/subham/project/abnormalai/dplat-file-vault-coding-challenge/.venv/lib/python3.14/site-packages/rest_framework/serializers.py", line 233, in is_valid
    raise ValidationError(self.errors)
rest_framework.exceptions.ValidationError: {'file': [ErrorDetail(string='Storage Quota Exceeded. Current usage: 9.0MB / 10.0MB. File size: 9.0MB.', code='invalid')]}
[ERROR] 2025-11-16 06:06:02 views 33221 6231126016 Error uploading file for user user4: {'file': [ErrorDetail(string='Storage Quota Exceeded. Current usage: 10.0MB / 10.0MB. File size: 10.0MB.', code='invalid')]}
Traceback (most recent call last):
  File "/Users/subham/project/abnormalai/dplat-file-vault-coding-challenge/backend/files/views.py", line 149, in create
    serializer.is_valid(raise_exception=True)
    ~~~~~~~~~~~~~~~~~~~^^^^^^^^^^^^^^^^^^^^^^
  File "/Users/subham/project/abnormalai/dplat-file-vault-coding-challenge/.venv/lib/python3.14/site-packages/rest_framework/serializers.py", line 233, in is_valid
    raise ValidationError(self.errors)
rest_framework.exceptions.ValidationError: {'file': [ErrorDetail(string='Storage Quota Exceeded. Current usage: 10.0MB / 10.0MB. File size: 10.0MB.', code='invalid')]}
[ERROR] 2025-11-16 06:08:26 views 33221 6231126016 Error uploading file for user user3: {'file': [ErrorDetail(string='Storage Quota Exceeded. Current usage: 8.0MB / 10.0MB. File size: 3.0MB.', code='invalid')]}
Traceback (most recent call last):
  File "/Users/subham/project/abnormalai/dplat-file-vault-coding-challenge/backend/files/views.py", line 149, in create
    serializer.is_valid(raise_exception=True)
    ~~~~~~~~~~~~~~~~~~~^^^^^^^^^^^^^^^^^^^^^^
  File "/Users/subham/project/abnormalai/dplat-file-vault-coding-challenge/.venv/lib/python3.14/site-packages/rest_framework/serializers.py", line 233, in is_valid
    raise ValidationError(self.errors)
rest_framework.exceptions.ValidationError: {'file': [ErrorDetail(string='Storage Quota Exceeded. Current usage: 8.0MB / 10.0MB. File size: 3.0MB.', code='invalid')]}
[ERROR] 2025-11-16 06:08:39 views 33221 6197473280 Error uploading file for user user6: {'file': [ErrorDetail(string='Storage Quota Exceeded. Current usage: 9.0MB / 10.0MB. File size: 8.0MB.', code='invalid')]}
Traceback (most recent call last):
  File "/Users/subham/project/abnormalai/dplat-file-vault-coding-challenge/backend/files/views.py", line 149, in create
    serializer.is_valid(raise_exception=True)
    ~~~~~~~~~~~~~~~~~~~^^^^^^^^^^^^^^^^^^^^^^
  File "/Users/subham/project/abnormalai/dplat-file-vault-coding-challenge/.venv/lib/python3.14/site-packages/rest_framework/serializers.py", line 233, in is_valid
    raise ValidationError(self.errors)
rest_framework.exceptions.ValidationError: {'file': [ErrorDetail(string='Storage Quota Exceeded. Current usage: 9.0MB / 10.0MB. File size: 8.0MB.', code='invalid')]}
[ERROR] 2025-11-16 06:09:24 views 33221 6231126016 Error uploading file for user user3: {'file': [ErrorDetail(string='Storage Quota Exceeded. Current usage: 8.0MB / 10.0MB. File size: 3.0MB.', code='invalid')]}
Traceback (most recent call last):
  File "/Users/subham/project/abnormalai/dplat-file-vault-coding-challenge/backend/files/views.py", line 149, in create
    serializer.is_valid(raise_exception=True)
    ~~~~~~~~~~~~~~~~~~~^^^^^^^^^^^^^^^^^^^^^^
  File "/Users/subham/project/abnormalai/dplat-file-vault-coding-challenge/.venv/lib/python3.14/site-packages/rest_framework/serializers.py", line 233, in is_valid
    raise ValidationError(self.errors)
rest_framework.exceptions.ValidationError: {'file': [ErrorDetail(string='Storage Quota Exceeded. Current usage: 8.0MB / 10.0MB. File size: 3.0MB.', code='invalid')]}
[ERROR] 2025-11-16 06:11:02 views 33221 6231126016 Error uploading file for user user3: {'file': [ErrorDetail(string='Storage Quota Exceeded. Current usage: 8.0MB / 10.0MB. File size: 3.0MB.', code='invalid')]}
Traceback (most recent call last):
  File "/Users/subham/project/abnormalai/dplat-file-vault-coding-challenge/backend/files/views.py", line 149, in create
    serializer.is_valid(raise_exception=True)
    ~~~~~~~~~~~~~~~~~~~^^^^^^^^^^^^^^^^^^^^^^
  File "/Users/subham/project/abnormalai/dplat-file-vault-coding-challenge/.venv/lib/python3.14/site-packages/rest_framework/serializers.py", line 233, in is_valid
    raise ValidationError(self.errors)
rest_framework.exceptions.ValidationError: {'file': [ErrorDetail(string='Storage Quota Exceeded. Current usage: 8.0MB / 10.0MB. File size: 3.0MB.', code='invalid')]}
[ERROR] 2025-11-16 06:12:12 views 33221 6231126016 Error uploading file for user user3: {'file': [ErrorDetail(string='Storage Quota Exceeded. Current usage: 8.0MB / 10.0MB. File size: 3.0MB.', code='invalid')]}
Traceback (most recent call last):
  File "/Users/subham/project/abnormalai/dplat-file-vault-coding-challenge/backend/files/views.py", line 149, in create
    serializer.is_valid(raise_exception=True)
    ~~~~~~~~~~~~~~~~~~~^^^^^^^^^^^^^^^^^^^^^^
  File "/Users/subham/project/abnormalai/dplat-file-vault-coding-challenge/.venv/lib/python3.14/site-packages/rest_framework/serializers.py", line 233, in is_valid
    raise ValidationError(self.errors)
rest_framework.exceptions.ValidationError: {'file': [ErrorDetail(string='Storage Quota Exceeded. Current usage: 8.0MB / 10.0MB. File size: 3.0MB.', code='invalid')]}
[ERROR] 2025-11-16 06:14:37 views 33221 6231126016 Error uploading file for user user3: {'file': [ErrorDetail(string='Storage Quota Exceeded. Current usage: 8.0MB / 10.0MB. File size: 3.0MB.', code='invalid')]}
Traceback (most recent call last):
  File "/Users/subham/project/abnormalai/dplat-file-vault-coding-challenge/backend/files/views.py", line 149, in create
    serializer.is_valid(raise_exception=True)
    ~~~~~~~~~~~~~~~~~~~^^^^^^^^^^^^^^^^^^^^^^
  File "/Users/subham/project/abnormalai/dplat-file-vault-coding-challenge/.venv/lib/python3.14/site-packages/rest_framework/serializers.py", line 233, in is_valid
    raise ValidationError(self.errors)
rest_framework.exceptions.ValidationError: {'file': [ErrorDetail(string='Storage Quota Exceeded. Current usage: 8.0MB / 10.0MB. File size: 3.0MB.', code='invalid')]}
[ERROR] 2025-11-16 11:16:14 views 50055 8569102464 Error uploading file for user testuser: {'file': [ErrorDetail(string='The submitted file is empty.', code='empty')]}
Traceback (most recent call last):
  File "/Users/subham/project/abnormalai/dplat-file-vault-coding-challenge/backend/files/views.py", line 149, in create
    serializer.is_valid(raise_exception=True)
    ~~~~~~~~~~~~~~~~~~~^^^^^^^^^^^^^^^^^^^^^^
  File "/Users/subham/project/abnormalai/dplat-file-vault-coding-challenge/.venv/lib/python3.14/site-packages/rest_framework/serializers.py", line 233, in is_valid
    raise ValidationError(self.errors)
rest_framework.exceptions.ValidationError: {'file': [ErrorDetail(string='The submitted file is empty.', code='empty')]}
[ERROR] 2025-11-16 11:16:14 views 50055 8569102464 Error uploading file for user testuser: {'file': [ErrorDetail(string="['File size must not exceed 10MB. Current size: 11.0MB']", code='invalid')]}
Traceback (most recent call last):
  File "/Users/subham/project/abnormalai/dplat-file-vault-coding-challenge/backend/files/views.py", line 149, in create
    serializer.is_valid(raise_exception=True)
    ~~~~~~~~~~~~~~~~~~~^^^^^^^^^^^^^^^^^^^^^^
  File "/Users/subham/project/abnormalai/dplat-file-vault-coding-challenge/.venv/lib/python3.14/site-packages/rest_framework/serializers.py", line 233, in is_valid
    raise ValidationError(self.errors)
rest_framework.exceptions.ValidationError: {'file': [ErrorDetail(string="['File size must not exceed 10MB. Current size: 11.0MB']", code='invalid')]}
[ERROR] 2025-11-16 11:16:15 views 50055 8569102464 Physical file not found: 01f80507-a32d-482f-b24e-3c5ce438b1db - missing.txt
[ERROR] 2025-11-16 11:16:25 views 50290 8569102464 Error uploading file for user quota_test_user: {'file': [ErrorDetail(string='Storage Quota Exceeded. Current usage: 6.0MB / 10.0MB. File size: 6.0MB.', code='invalid')]}
Traceback (most recent call last):
  File "/Users/subham/project/abnormalai/dplat-file-vault-coding-challenge/backend/files/views.py", line 149, in create
    serializer.is_valid(raise_exception=True)
    ~~~~~~~~~~~~~~~~~~~^^^^^^^^^^^^^^^^^^^^^^
  File "/Users/subham/project/abnormalai/dplat-file-vault-coding-challenge/.venv/lib/python3.14/site-packages/rest_framework/serializers.py", line 233, in is_valid
    raise ValidationError(self.errors)
rest_framework.exceptions.ValidationError: {'file': [ErrorDetail(string='Storage Quota Exceeded. Current usage: 6.0MB / 10.0MB. File size: 6.0MB.', code='invalid')]}
[ERROR] 2025-11-16 11:16:45 views 50578 8569102464 Error uploading file for user quota_test_user: {'file': [ErrorDetail(string='Storage Quota Exceeded. Current usage: 6.0MB / 10.0MB. File size: 6.0MB.', code='invalid')]}
Traceback (most recent call last):
  File "/Users/subham/project/abnormalai/dplat-file-vault-coding-challenge/backend/files/views.py", line 149, in create
    serializer.is_valid(raise_exception=True)
    ~~~~~~~~~~~~~~~~~~~^^^^^^^^^^^^^^^^^^^^^^
  File "/Users/subham/project/abnormalai/dplat-file-vault-coding-challenge/.venv/lib/python3.14/site-packages/rest_framework/serializers.py", line 233, in is_valid
    raise ValidationError(self.errors)
rest_framework.exceptions.ValidationError: {'file': [ErrorDetail(string='Storage Quota Exceeded. Current usage: 6.0MB / 10.0MB. File size: 6.0MB.', code='invalid')]}
[ERROR] 2025-11-16 11:27:34 views 55224 8569102464 Error uploading file for user quota_test_user: {'file': [ErrorDetail(string='Storage Quota Exceeded. Current usage: 6.0MB / 10.0MB. File size: 6.0MB.', code='invalid')]}
Traceback (most recent call last):
  File "/Users/subham/project/abnormalai/dplat-file-vault-coding-challenge/backend/files/views.py", line 149, in create
    serializer.is_valid(raise_exception=True)
    ~~~~~~~~~~~~~~~~~~~^^^^^^^^^^^^^^^^^^^^^^
  File "/Users/subham/project/abnormalai/dplat-file-vault-coding-challenge/.venv/lib/python3.14/site-packages/rest_framework/serializers.py", line 233, in is_valid
    raise ValidationError(self.errors)
rest_framework.exceptions.ValidationError: {'file': [ErrorDetail(string='Storage Quota Exceeded. Current usage: 6.0MB / 10.0MB. File size: 6.0MB.', code='invalid')]}
[ERROR] 2025-11-16 11:44:03 views 62506 8569102464 Error uploading file for user quota_test_user: {'file': [ErrorDetail(string='Storage Quota Exceeded. Current usage: 6.0MB / 10.0MB. File size: 6.0MB.', code='invalid')]}
Traceback (most recent call last):
  File "/Users/subham/project/abnormalai/dplat-file-vault-coding-challenge/backend/files/views.py", line 149, in create
    serializer.is_valid(raise_exception=True)
    ~~~~~~~~~~~~~~~~~~~^^^^^^^^^^^^^^^^^^^^^^
  File "/Users/subham/project/abnormalai/dplat-file-vault-coding-challenge/.venv/lib/python3.14/site-packages/rest_framework/serializers.py", line 233, in is_valid
    raise ValidationError(self.errors)
rest_framework.exceptions.ValidationError: {'file': [ErrorDetail(string='Storage Quota Exceeded. Current usage: 6.0MB / 10.0MB. File size: 6.0MB.', code='invalid')]}
[ERROR] 2025-11-16 11:44:03 views 62506 8569102464 Error uploading file for user testuser: {'file': [ErrorDetail(string='The submitted file is empty.', code='empty')]}
Traceback (most recent call last):
  File "/Users/subham/project/abnormalai/dplat-file-vault-coding-challenge/backend/files/views.py", line 149, in create
    serializer.is_valid(raise_exception=True)
    ~~~~~~~~~~~~~~~~~~~^^^^^^^^^^^^^^^^^^^^^^
  File "/Users/subham/project/abnormalai/dplat-file-vault-coding-challenge/.venv/lib/python3.14/site-packages/rest_framework/serializers.py", line 233, in is_valid
    raise ValidationError(self.errors)
rest_framework.exceptions.ValidationError: {'file': [ErrorDetail(string='The submitted file is empty.', code='empty')]}
[ERROR] 2025-11-16 11:44:03 views 62506 8569102464 Error uploading file for user testuser: {'file': [ErrorDetail(string="['File size must not exceed 10MB. Current size: 11.0MB']", code='invalid')]}
Traceback (most recent call last):
  File "/Users/subham/project/abnormalai/dplat-file-vault-coding-challenge/backend/files/views.py", line 149, in create
    serializer.is_valid(raise_exception=True)
    ~~~~~~~~~~~~~~~~~~~^^^^^^^^^^^^^^^^^^^^^^
  File "/Users/subham/project/abnormalai/dplat-file-vault-coding-challenge/.venv/lib/python3.14/site-packages/rest_framework/serializers.py", line 233, in is_valid
    raise ValidationError(self.errors)
rest_framework.exceptions.ValidationError: {'file': [ErrorDetail(string="['File size must not exceed 10MB. Current size: 11.0MB']", code='invalid')]}
[ERROR] 2025-11-16 11:44:03 views 62506 8569102464 Physical file not found: aa84a981-c552-46ea-a021-e996cf757a9e - missing.txt
[ERROR] 2025-11-16 11:48:31 views 64876 8569102464 Error uploading file for user quota_test_user: {'file': [ErrorDetail(string='Storage Quota Exceeded. Current usage: 6.0MB / 10.0MB. File size: 6.0MB.', code='invalid')]}
Traceback (most recent call last):
  File "/Users/subham/project/abnormalai/dplat-file-vault-coding-challenge/backend/files/views.py", line 149, in create
    serializer.is_valid(raise_exception=True)
    ~~~~~~~~~~~~~~~~~~~^^^^^^^^^^^^^^^^^^^^^^
  File "/Users/subham/project/abnormalai/dplat-file-vault-coding-challenge/.venv/lib/python3.14/site-packages/rest_framework/serializers.py", line 233, in is_valid
    raise ValidationError(self.errors)
rest_framework.exceptions.ValidationError: {'file': [ErrorDetail(string='Storage Quota Exceeded. Current usage: 6.0MB / 10.0MB. File size: 6.0MB.', code='invalid')]}
[ERROR] 2025-11-16 11:49:04 views 65137 8569102464 Error uploading file for user quota_test_user: {'file': [ErrorDetail(string='Storage Quota Exceeded. Current usage: 6.0MB / 10.0MB. File size: 6.0MB.', code='invalid')]}
Traceback (most recent call last):
  File "/Users/subham/project/abnormalai/dplat-file-vault-coding-challenge/backend/files/views.py", line 149, in create
    serializer.is_valid(raise_exception=True)
    ~~~~~~~~~~~~~~~~~~~^^^^^^^^^^^^^^^^^^^^^^
  File "/Users/subham/project/abnormalai/dplat-file-vault-coding-challenge/.venv/lib/python3.14/site-packages/rest_framework/serializers.py", line 233, in is_valid
    raise ValidationError(self.errors)
rest_framework.exceptions.ValidationError: {'file': [ErrorDetail(string='Storage Quota Exceeded. Current usage: 6.0MB / 10.0MB. File size: 6.0MB.', code='invalid')]}
[ERROR] 2025-11-16 11:55:44 views 65732 8569102464 Error uploading file for user testuser: {'file': [ErrorDetail(string='The submitted file is empty.', code='empty')]}
Traceback (most recent call last):
  File "/Users/subham/project/abnormalai/dplat-file-vault-coding-challenge/backend/files/views.py", line 149, in create
    serializer.is_valid(raise_exception=True)
    ~~~~~~~~~~~~~~~~~~~^^^^^^^^^^^^^^^^^^^^^^
  File "/Users/subham/project/abnormalai/dplat-file-vault-coding-challenge/.venv/lib/python3.14/site-packages/rest_framework/serializers.py", line 233, in is_valid
    raise ValidationError(self.errors)
rest_framework.exceptions.ValidationError: {'file': [ErrorDetail(string='The submitted file is empty.', code='empty')]}
[ERROR] 2025-11-16 11:55:45 views 65732 8569102464 Error uploading file for user testuser: {'file': [ErrorDetail(string="['File size must not exceed 10MB. Current size: 11.0MB']", code='invalid')]}
Traceback (most recent call last):
  File "/Users/subham/project/abnormalai/dplat-file-vault-coding-challenge/backend/files/views.py", line 149, in create
    serializer.is_valid(raise_exception=True)
    ~~~~~~~~~~~~~~~~~~~^^^^^^^^^^^^^^^^^^^^^^
  File "/Users/subham/project/abnormalai/dplat-file-vault-coding-challenge/.venv/lib/python3.14/site-packages/rest_framework/serializers.py", line 233, in is_valid
    raise ValidationError(self.errors)
rest_framework.exceptions.ValidationError: {'file': [ErrorDetail(string="['File size must not exceed 10MB. Current size: 11.0MB']", code='invalid')]}
[ERROR] 2025-11-16 11:55:45 views 65732 8569102464 Physical file not found: 97658b65-1d36-4cd3-bf75-a323d3c29052 - missing.txt
[ERROR] 2025-11-16 11:55:46 views 65732 8569102464 Error uploading file for user quota_test_user: {'file': [ErrorDetail(string='Storage Quota Exceeded. Current usage: 6.0MB / 10.0MB. File size: 6.0MB.', code='invalid')]}
Traceback (most recent call last):
  File "/Users/subham/project/abnormalai/dplat-file-vault-coding-challenge/backend/files/views.py", line 149, in create
    serializer.is_valid(raise_exception=True)
    ~~~~~~~~~~~~~~~~~~~^^^^^^^^^^^^^^^^^^^^^^
  File "/Users/subham/project/abnormalai/dplat-file-vault-coding-challenge/.venv/lib/python3.14/site-packages/rest_framework/serializers.py", line 233, in is_valid
    raise ValidationError(self.errors)
rest_framework.exceptions.ValidationError: {'file': [ErrorDetail(string='Storage Quota Exceeded. Current usage: 6.0MB / 10.0MB. File size: 6.0MB.', code='invalid')]}
[ERROR] 2025-11-16 11:57:03 views 66242 8569102464 Error uploading file for user testuser: {'file': [ErrorDetail(string='The submitted file is empty.', code='empty')]}
Traceback (most recent call last):
  File "/Users/subham/project/abnormalai/dplat-file-vault-coding-challenge/backend/files/views.py", line 149, in create
    serializer.is_valid(raise_exception=True)
    ~~~~~~~~~~~~~~~~~~~^^^^^^^^^^^^^^^^^^^^^^
  File "/Users/subham/project/abnormalai/dplat-file-vault-coding-challenge/.venv/lib/python3.14/site-packages/rest_framework/serializers.py", line 233, in is_valid
    raise ValidationError(self.errors)
rest_framework.exceptions.ValidationError: {'file': [ErrorDetail(string='The submitted file is empty.', code='empty')]}
[ERROR] 2025-11-16 11:57:03 views 66242 8569102464 Error uploading file for user testuser: {'file': [ErrorDetail(string="['File size must not exceed 10MB. Current size: 11.0MB']", code='invalid')]}
Traceback (most recent call last):
  File "/Users/subham/project/abnormalai/dplat-file-vault-coding-challenge/backend/files/views.py", line 149, in create
    serializer.is_valid(raise_exception=True)
    ~~~~~~~~~~~~~~~~~~~^^^^^^^^^^^^^^^^^^^^^^
  File "/Users/subham/project/abnormalai/dplat-file-vault-coding-challenge/.venv/lib/python3.14/site-packages/rest_framework/serializers.py", line 233, in is_valid
    raise ValidationError(self.errors)
rest_framework.exceptions.ValidationError: {'file': [ErrorDetail(string="['File size must not exceed 10MB. Current size: 11.0MB']", code='invalid')]}
[ERROR] 2025-11-16 11:57:03 views 66242 8569102464 Physical file not found: 1e19da0c-52b4-4c9a-a20e-ce6ca2af5a33 - missing.txt
[ERROR] 2025-11-16 11:57:04 views 66242 8569102464 Error uploading file for user quota_test_user: {'file': [ErrorDetail(string='Storage Quota Exceeded. Current usage: 6.0MB / 10.0MB. File size: 6.0MB.', code='invalid')]}
Traceback (most recent call last):
  File "/Users/subham/project/abnormalai/dplat-file-vault-coding-challenge/backend/files/views.py", line 149, in create
    serializer.is_valid(raise_exception=True)
    ~~~~~~~~~~~~~~~~~~~^^^^^^^^^^^^^^^^^^^^^^
  File "/Users/subham/project/abnormalai/dplat-file-vault-coding-challenge/.venv/lib/python3.14/site-packages/rest_framework/serializers.py", line 233, in is_valid
    raise ValidationError(self.errors)
rest_framework.exceptions.ValidationError: {'file': [ErrorDetail(string='Storage Quota Exceeded. Current usage: 6.0MB / 10.0MB. File size: 6.0MB.', code='invalid')]}
[ERROR] 2025-11-16 11:57:11 views 66491 8569102464 Error uploading file for user testuser: {'file': [ErrorDetail(string='The submitted file is empty.', code='empty')]}
Traceback (most recent call last):
  File "/Users/subham/project/abnormalai/dplat-file-vault-coding-challenge/backend/files/views.py", line 149, in create
    serializer.is_valid(raise_exception=True)
    ~~~~~~~~~~~~~~~~~~~^^^^^^^^^^^^^^^^^^^^^^
  File "/Users/subham/project/abnormalai/dplat-file-vault-coding-challenge/.venv/lib/python3.14/site-packages/rest_framework/serializers.py", line 233, in is_valid
    raise ValidationError(self.errors)
rest_framework.exceptions.ValidationError: {'file': [ErrorDetail(string='The submitted file is empty.', code='empty')]}
[ERROR] 2025-11-16 11:57:11 views 66491 8569102464 Error uploading file for user testuser: {'file': [ErrorDetail(string="['File size must not exceed 10MB. Current size: 11.0MB']", code='invalid')]}
Traceback (most recent call last):
  File "/Users/subham/project/abnormalai/dplat-file-vault-coding-challenge/backend/files/views.py", line 149, in create
    serializer.is_valid(raise_exception=True)
    ~~~~~~~~~~~~~~~~~~~^^^^^^^^^^^^^^^^^^^^^^
  File "/Users/subham/project/abnormalai/dplat-file-vault-coding-challenge/.venv/lib/python3.14/site-packages/rest_framework/serializers.py", line 233, in is_valid
    raise ValidationError(self.errors)
rest_framework.exceptions.ValidationError: {'file': [ErrorDetail(string="['File size must not exceed 10MB. Current size: 11.0MB']", code='invalid')]}
[ERROR] 2025-11-16 11:57:11 views 66491 8569102464 Physical file not found: 00341e8f-5a0a-4eb6-85fe-0ac2226bf9d7 - missing.txt
[ERROR] 2025-11-16 11:57:13 views 66491 8569102464 Error uploading file for user quota_test_user: {'file': [ErrorDetail(string='Storage Quota Exceeded. Current usage: 6.0MB / 10.0MB. File size: 6.0MB.', code='invalid')]}
Traceback (most recent call last):
  File "/Users/subham/project/abnormalai/dplat-file-vault-coding-challenge/backend/files/views.py", line 149, in create
    serializer.is_valid(raise_exception=True)
    ~~~~~~~~~~~~~~~~~~~^^^^^^^^^^^^^^^^^^^^^^
  File "/Users/subham/project/abnormalai/dplat-file-vault-coding-challenge/.venv/lib/python3.14/site-packages/rest_framework/serializers.py", line 233, in is_valid
    raise ValidationError(self.errors)
rest_framework.exceptions.ValidationError: {'file': [ErrorDetail(string='Storage Quota Exceeded. Current usage: 6.0MB / 10.0MB. File size: 6.0MB.', code='invalid')]}
[ERROR] 2025-11-16 11:58:10 views 67969 8569102464 Error uploading file for user quota_test_user: {'file': [ErrorDetail(string='Storage Quota Exceeded. Current usage: 6.0MB / 10.0MB. File size: 6.0MB.', code='invalid')]}
Traceback (most recent call last):
  File "/Users/subham/project/abnormalai/dplat-file-vault-coding-challenge/backend/files/views.py", line 149, in create
    serializer.is_valid(raise_exception=True)
    ~~~~~~~~~~~~~~~~~~~^^^^^^^^^^^^^^^^^^^^^^
  File "/Users/subham/project/abnormalai/dplat-file-vault-coding-challenge/.venv/lib/python3.14/site-packages/rest_framework/serializers.py", line 233, in is_valid
    raise ValidationError(self.errors)
rest_framework.exceptions.ValidationError: {'file': [ErrorDetail(string='Storage Quota Exceeded. Current usage: 6.0MB / 10.0MB. File size: 6.0MB.', code='invalid')]}
[ERROR] 2025-11-16 11:59:05 views 69612 8569102464 Error uploading file for user testuser: {'file': [ErrorDetail(string='The submitted file is empty.', code='empty')]}
Traceback (most recent call last):
  File "/Users/subham/project/abnormalai/dplat-file-vault-coding-challenge/backend/files/views.py", line 149, in create
    serializer.is_valid(raise_exception=True)
    ~~~~~~~~~~~~~~~~~~~^^^^^^^^^^^^^^^^^^^^^^
  File "/Users/subham/project/abnormalai/dplat-file-vault-coding-challenge/.venv/lib/python3.14/site-packages/rest_framework/serializers.py", line 233, in is_valid
    raise ValidationError(self.errors)
rest_framework.exceptions.ValidationError: {'file': [ErrorDetail(string='The submitted file is empty.', code='empty')]}
[ERROR] 2025-11-16 11:59:05 views 69612 8569102464 Error uploading file for user testuser: {'file': [ErrorDetail(string="['File size must not exceed 10MB. Current size: 11.0MB']", code='invalid')]}
Traceback (most recent call last):
  File "/Users/subham/project/abnormalai/dplat-file-vault-coding-challenge/backend/files/views.py", line 149, in create
    serializer.is_valid(raise_exception=True)
    ~~~~~~~~~~~~~~~~~~~^^^^^^^^^^^^^^^^^^^^^^
  File "/Users/subham/project/abnormalai/dplat-file-vault-coding-challenge/.venv/lib/python3.14/site-packages/rest_framework/serializers.py", line 233, in is_valid
    raise ValidationError(self.errors)
rest_framework.exceptions.ValidationError: {'file': [ErrorDetail(string="['File size must not exceed 10MB. Current size: 11.0MB']", code='invalid')]}
[ERROR] 2025-11-16 11:59:05 views 69612 8569102464 Physical file not found: 4111af09-16e9-4725-9792-e0b09d2a097e - missing.txt
[ERROR] 2025-11-16 11:59:07 views 69612 8569102464 Error uploading file for user quota_test_user: {'file': [ErrorDetail(string='Storage Quota Exceeded. Current usage: 6.0MB / 10.0MB. File size: 6.0MB.', code='invalid')]}
Traceback (most recent call last):
  File "/Users/subham/project/abnormalai/dplat-file-vault-coding-challenge/backend/files/views.py", line 149, in create
    serializer.is_valid(raise_exception=True)
    ~~~~~~~~~~~~~~~~~~~^^^^^^^^^^^^^^^^^^^^^^
  File "/Users/subham/project/abnormalai/dplat-file-vault-coding-challenge/.venv/lib/python3.14/site-packages/rest_framework/serializers.py", line 233, in is_valid
    raise ValidationError(self.errors)
rest_framework.exceptions.ValidationError: {'file': [ErrorDetail(string='Storage Quota Exceeded. Current usage: 6.0MB / 10.0MB. File size: 6.0MB.', code='invalid')]}
[ERROR] 2025-11-16 11:59:53 views 70007 8569102464 Error uploading file for user testuser: {'file': [ErrorDetail(string='The submitted file is empty.', code='empty')]}
Traceback (most recent call last):
  File "/Users/subham/project/abnormalai/dplat-file-vault-coding-challenge/backend/files/views.py", line 149, in create
    serializer.is_valid(raise_exception=True)
    ~~~~~~~~~~~~~~~~~~~^^^^^^^^^^^^^^^^^^^^^^
  File "/Users/subham/project/abnormalai/dplat-file-vault-coding-challenge/.venv/lib/python3.14/site-packages/rest_framework/serializers.py", line 233, in is_valid
    raise ValidationError(self.errors)
rest_framework.exceptions.ValidationError: {'file': [ErrorDetail(string='The submitted file is empty.', code='empty')]}
[ERROR] 2025-11-16 11:59:53 views 70007 8569102464 Error uploading file for user testuser: {'file': [ErrorDetail(string="['File size must not exceed 10MB. Current size: 11.0MB']", code='invalid')]}
Traceback (most recent call last):
  File "/Users/subham/project/abnormalai/dplat-file-vault-coding-challenge/backend/files/views.py", line 149, in create
    serializer.is_valid(raise_exception=True)
    ~~~~~~~~~~~~~~~~~~~^^^^^^^^^^^^^^^^^^^^^^
  File "/Users/subham/project/abnormalai/dplat-file-vault-coding-challenge/.venv/lib/python3.14/site-packages/rest_framework/serializers.py", line 233, in is_valid
    raise ValidationError(self.errors)
rest_framework.exceptions.ValidationError: {'file': [ErrorDetail(string="['File size must not exceed 10MB. Current size: 11.0MB']", code='invalid')]}
[ERROR] 2025-11-16 11:59:53 views 70007 8569102464 Physical file not found: 6e5df0ff-48e3-480f-b444-e46eba1130d0 - missing.txt
[ERROR] 2025-11-16 11:59:54 views 70007 8569102464 Error uploading file for user quota_test_user: {'file': [ErrorDetail(string='Storage Quota Exceeded. Current usage: 6.0MB / 10.0MB. File size: 6.0MB.', code='invalid')]}
Traceback (most recent call last):
  File "/Users/subham/project/abnormalai/dplat-file-vault-coding-challenge/backend/files/views.py", line 149, in create
    serializer.is_valid(raise_exception=True)
    ~~~~~~~~~~~~~~~~~~~^^^^^^^^^^^^^^^^^^^^^^
  File "/Users/subham/project/abnormalai/dplat-file-vault-coding-challenge/.venv/lib/python3.14/site-packages/rest_framework/serializers.py", line 233, in is_valid
    raise ValidationError(self.errors)
rest_framework.exceptions.ValidationError: {'file': [ErrorDetail(string='Storage Quota Exceeded. Current usage: 6.0MB / 10.0MB. File size: 6.0MB.', code='invalid')]}
[ERROR] 2025-11-16 12:00:10 views 70265 8569102464 Error uploading file for user testuser: {'file': [ErrorDetail(string='The submitted file is empty.', code='empty')]}
Traceback (most recent call last):
  File "/Users/subham/project/abnormalai/dplat-file-vault-coding-challenge/backend/files/views.py", line 149, in create
    serializer.is_valid(raise_exception=True)
    ~~~~~~~~~~~~~~~~~~~^^^^^^^^^^^^^^^^^^^^^^
  File "/Users/subham/project/abnormalai/dplat-file-vault-coding-challenge/.venv/lib/python3.14/site-packages/rest_framework/serializers.py", line 233, in is_valid
    raise ValidationError(self.errors)
rest_framework.exceptions.ValidationError: {'file': [ErrorDetail(string='The submitted file is empty.', code='empty')]}
[ERROR] 2025-11-16 12:00:10 views 70265 8569102464 Error uploading file for user testuser: {'file': [ErrorDetail(string="['File size must not exceed 10MB. Current size: 11.0MB']", code='invalid')]}
Traceback (most recent call last):
  File "/Users/subham/project/abnormalai/dplat-file-vault-coding-challenge/backend/files/views.py", line 149, in create
    serializer.is_valid(raise_exception=True)
    ~~~~~~~~~~~~~~~~~~~^^^^^^^^^^^^^^^^^^^^^^
  File "/Users/subham/project/abnormalai/dplat-file-vault-coding-challenge/.venv/lib/python3.14/site-packages/rest_framework/serializers.py", line 233, in is_valid
    raise ValidationError(self.errors)
rest_framework.exceptions.ValidationError: {'file': [ErrorDetail(string="['File size must not exceed 10MB. Current size: 11.0MB']", code='invalid')]}
[ERROR] 2025-11-16 12:00:10 views 70265 8569102464 Physical file not found: d894862d-493a-4bc4-94a2-010704f3c34e - missing.txt
[ERROR] 2025-11-16 12:00:12 views 70265 8569102464 Error uploading file for user quota_test_user: {'file': [ErrorDetail(string='Storage Quota Exceeded. Current usage: 6.0MB / 10.0MB. File size: 6.0MB.', code='invalid')]}
Traceback (most recent call last):
  File "/Users/subham/project/abnormalai/dplat-file-vault-coding-challenge/backend/files/views.py", line 149, in create
    serializer.is_valid(raise_exception=True)
    ~~~~~~~~~~~~~~~~~~~^^^^^^^^^^^^^^^^^^^^^^
  File "/Users/subham/project/abnormalai/dplat-file-vault-coding-challenge/.venv/lib/python3.14/site-packages/rest_framework/serializers.py", line 233, in is_valid
    raise ValidationError(self.errors)
rest_framework.exceptions.ValidationError: {'file': [ErrorDetail(string='Storage Quota Exceeded. Current usage: 6.0MB / 10.0MB. File size: 6.0MB.', code='invalid')]}
